2024/11/02 08:00:20 - [INFO] - Sincronizacion completada.
2024/11/02 08:02:04 - [DEBUG] - Conexion a BD establecida.
2024/11/02 08:03:12 - [INFO] - Conexion a BD establecida.
2024/11/02 08:03:44 - [DEBUG] - Usuario logueado correctamente.
2024/11/02 08:05:20 - [DEBUG] - Conexion a BD establecida.
2024/11/02 08:05:39 - [DEBUG] - Iniciando servicio...
2024/11/02 08:06:26 - [INFO] - Iniciando servicio...
2024/11/02 08:07:08 - [INFO] - Conexion a BD establecida.
2024/11/02 08:07:52 - [DEBUG] - Sincronizacion completada.
2024/11/02 08:08:00 - [DEBUG] - Sincronizacion completada.
2024/11/02 08:08:25 - [DEBUG] - Sincronizacion completada.
2024/11/02 08:08:34 - [INFO] - Sincronizacion completada.
2024/11/02 08:10:31 - [INFO] - Limpiando cache temporal.
2024/11/02 08:10:59 - [INFO] - Sincronizacion completada.
2024/11/02 08:11:05 - [ERROR] - Fallo al autenticar usuario.
2024/11/02 08:12:48 - [DEBUG] - Iniciando servicio...
2024/11/02 08:13:34 - [INFO] - Iniciando servicio...
2024/11/02 08:15:21 - [ERROR] - Timeout en la conexion a BD.
2024/11/02 08:15:56 - [INFO] - Iniciando servicio...
2024/11/02 08:16:45 - [DEBUG] - Limpiando cache temporal.
2024/11/02 08:18:17 - [INFO] - Usuario logueado correctamente.
2024/11/02 08:20:06 - [DEBUG] - Limpiando cache temporal.
2024/11/02 08:21:32 - [DEBUG] - Limpiando cache temporal.
2024/11/02 08:22:25 - [DEBUG] - Usuario logueado correctamente.
2024/11/02 08:22:37 - [INFO] - Conexion a BD establecida.
2024/11/02 08:23:46 - [INFO] - Limpiando cache temporal.
2024/11/02 08:24:36 - [INFO] - Sincronizacion completada.
2024/11/02 08:25:50 - [INFO] - Limpiando cache temporal.
2024/11/02 08:26:14 - [DEBUG] - Usuario logueado correctamente.
2024/11/02 08:27:08 - [INFO] - Sincronizacion completada.
