2024/11/16 08:02:00 - [DEBUG] - Limpiando cache temporal.
2024/11/16 08:02:48 - [INFO] - Usuario logueado correctamente.
2024/11/16 08:03:06 - [DEBUG] - Conexion a BD establecida.
2024/11/16 08:03:59 - [INFO] - Conexion a BD establecida.
2024/11/16 08:05:08 - [INFO] - Usuario logueado correctamente.
2024/11/16 08:06:12 - [INFO] - Limpiando cache temporal.
2024/11/16 08:06:22 - [INFO] - Usuario logueado correctamente.
2024/11/16 08:07:42 - [DEBUG] - Limpiando cache temporal.
2024/11/16 08:07:48 - [ERROR] - Memoria insuficiente.
2024/11/16 08:09:43 - [INFO] - Limpiando cache temporal.
2024/11/16 08:10:27 - [ERROR] - Fallo al autenticar usuario.
2024/11/16 08:12:15 - [DEBUG] - Iniciando servicio...
2024/11/16 08:13:38 - [INFO] - Limpiando cache temporal.
2024/11/16 08:14:42 - [ERROR] - Memoria insuficiente.
2024/11/16 08:16:22 - [INFO] - Conexion a BD establecida.
2024/11/16 08:18:11 - [DEBUG] - Sincronizacion completada.
2024/11/16 08:19:47 - [DEBUG] - Usuario logueado correctamente.
2024/11/16 08:20:12 - [DEBUG] - Sincronizacion completada.
2024/11/16 08:20:19 - [INFO] - Usuario logueado correctamente.
2024/11/16 08:21:37 - [ERROR] - Fallo al autenticar usuario.
2024/11/16 08:22:31 - [DEBUG] - Iniciando servicio...
2024/11/16 08:24:19 - [INFO] - Limpiando cache temporal.
2024/11/16 08:25:25 - [INFO] - Sincronizacion completada.
2024/11/16 08:25:30 - [ERROR] - Memoria insuficiente.
2024/11/16 08:27:21 - [INFO] - Conexion a BD establecida.
2024/11/16 08:27:37 - [INFO] - Usuario logueado correctamente.
2024/11/16 08:28:47 - [DEBUG] - Usuario logueado correctamente.
2024/11/16 08:29:47 - [INFO] - Sincronizacion completada.
2024/11/16 08:30:00 - [INFO] - Usuario logueado correctamente.
2024/11/16 08:30:03 - [INFO] - Iniciando servicio...
2024/11/16 08:30:48 - [INFO] - Usuario logueado correctamente.
2024/11/16 08:31:30 - [ERROR] - Memoria insuficiente.
2024/11/16 08:32:42 - [INFO] - Limpiando cache temporal.
2024/11/16 08:32:47 - [ERROR] - Memoria insuficiente.
2024/11/16 08:34:04 - [INFO] - Conexion a BD establecida.
2024/11/16 08:35:25 - [INFO] - Conexion a BD establecida.
2024/11/16 08:36:22 - [ERROR] - No se encuentra el archivo de configuracion.
2024/11/16 08:37:51 - [INFO] - Conexion a BD establecida.
2024/11/16 08:39:10 - [ERROR] - Fallo al autenticar usuario.
2024/11/16 08:39:56 - [INFO] - Usuario logueado correctamente.
2024/11/16 08:41:23 - [INFO] - Iniciando servicio...
2024/11/16 08:43:19 - [INFO] - Iniciando servicio...
2024/11/16 08:43:30 - [ERROR] - Memoria insuficiente.
2024/11/16 08:45:26 - [DEBUG] - Sincronizacion completada.
2024/11/16 08:46:06 - [DEBUG] - Limpiando cache temporal.
